version: 1

#!RESULT OK
#!CONNECTION ldap://localhost:10389
#!DATE 2016-05-10T19:30:45.651
dn: ou=people,o=espark
objectclass: organizationalUnit
objectclass: top
description: Contains entries which describe persons 
ou: people

#!RESULT OK
#!CONNECTION ldap://localhost:10389
#!DATE 2016-05-10T19:30:47.133
dn: ou=groups,o=espark
objectclass: organizationalUnit
objectclass: top
description: Contains entries which describe groups (user or admin)
ou: groups

#!RESULT OK
#!CONNECTION ldap://localhost:10389
#!DATE 2016-05-10T19:30:48.565
dn: ou=users,ou=groups,o=espark
objectclass: organizationalUnit
objectclass: top
description: Contains entries which describe users
ou: users


#super admin user
#!RESULT OK
#!CONNECTION ldap://localhost:10389
#!DATE 2016-05-10T19:30:49.773
dn: cn=Adarsh kumar,ou=people,o=espark
objectclass: person
objectclass: organizationalPerson
objectclass: inetOrgPerson
objectclass: top
cn: Adarsh kumar
description: Super Admin User 
givenname: Adarsh
sn: Kumar
uid: adarsh
mail: adarsh.kumar@google.com
userpassword: adarsh

#!RESULT OK
#!CONNECTION ldap://localhost:10389
#!DATE 2016-05-10T19:30:51.714
dn: cn=Super Admin,ou=people,o=espark
objectclass: person
objectclass: organizationalPerson
objectclass: inetOrgPerson
objectclass: top
cn: Super Admin
description: Super Admin User 
givenname: Super 
sn: Admin
uid: sadmin
mail: sadmin.user@google.com
userpassword: sadmin

#!RESULT OK
#!CONNECTION ldap://localhost:10389
#!DATE 2016-05-10T19:30:52.916
dn: cn=SUPER_ADMIN,ou=users,ou=groups,o=espark
objectclass: groupOfUniqueNames
objectclass: top
cn: SUPER_ADMIN
uniquemember: cn=Adarsh kumar,ou=people,o=espark
uniquemember: cn=Super Admin,ou=people,o=espark

# admin user
#!RESULT OK
#!CONNECTION ldap://localhost:10389
#!DATE 2016-05-10T19:30:54.619
dn: cn=Radha Singh,ou=people,o=espark
objectclass: person
objectclass: organizationalPerson
objectclass: inetOrgPerson
objectclass: top
cn: Radha Singh
description: Admin User 
givenname: Radha
sn: Singh
uid: radha
mail: radha.singh@google.com
userpassword: radha


#!RESULT OK
#!CONNECTION ldap://localhost:10389
#!DATE 2016-05-10T19:30:56.173
dn: cn=Admin User,ou=people,o=espark
objectclass: person
objectclass: organizationalPerson
objectclass: inetOrgPerson
objectclass: top
cn: Admin User
description: Admin User 
givenname: Admin 
sn: User
uid: admin
mail: admin.user@google.com
userpassword: admin

#!RESULT OK
#!CONNECTION ldap://localhost:10389
#!DATE 2016-05-10T19:30:57.505
dn: cn=ADMIN,ou=users,ou=groups,o=espark
objectclass: groupOfUniqueNames
objectclass: top
cn: ADMIN
uniquemember: cn=Radha Singh,ou=people,o=espark
uniquemember: cn=Admin User,ou=people,o=espark

# user 
#!RESULT OK
#!CONNECTION ldap://localhost:10389
#!DATE 2016-05-10T19:30:59.583
dn: cn=Normal User,ou=people,o=espark
objectclass: person
objectclass: organizationalPerson
objectclass: inetOrgPerson
objectclass: top
cn: Normal User
description: Normal User 
givenname: Normal 
sn: User
uid: user
mail: user.noraml@google.com
userpassword: user

#!RESULT OK
#!CONNECTION ldap://localhost:10389
#!DATE 2016-05-10T19:31:00.780
dn: cn=USER,ou=users,ou=groups,o=espark
objectclass: groupOfUniqueNames
objectclass: top
cn: USER
uniquemember: cn=Normal User,ou=people,o=espark
